[0.010s] Invoking command in '/home/tao/ros2_ws/src/realsense-ros/build/realsense2_camera_msgs': CMAKE_PREFIX_PATH=${CMAKE_PREFIX_PATH}:/home/tao/ros2_ws/install/rtabmap_python:/opt/ros/humble /usr/bin/cmake /home/tao/ros2_ws/src/realsense-ros/realsense2_camera_msgs -DAMENT_CMAKE_SYMLINK_INSTALL=1 -DCMAKE_INSTALL_PREFIX=/home/tao/ros2_ws/src/realsense-ros/install/realsense2_camera_msgs
[0.056s] -- The C compiler identification is GNU 11.4.0
[0.099s] -- The CXX compiler identification is GNU 11.4.0
[0.105s] -- Detecting C compiler ABI info
[0.164s] -- Detecting C compiler ABI info - done
[0.169s] -- Check for working C compiler: /usr/bin/cc - skipped
[0.169s] -- Detecting C compile features
[0.169s] -- Detecting C compile features - done
[0.171s] -- Detecting CXX compiler ABI info
[0.238s] -- Detecting CXX compiler ABI info - done
[0.243s] -- Check for working CXX compiler: /usr/bin/c++ - skipped
[0.243s] -- Detecting CXX compile features
[0.243s] -- Detecting CXX compile features - done
[0.247s] -- Found ament_cmake: 1.3.11 (/opt/ros/humble/share/ament_cmake/cmake)
[0.364s] -- Found Python3: /usr/bin/python3 (found version "3.10.12") found components: Interpreter 
[0.410s] -- Override CMake install command with custom implementation using symlinks instead of copying resources
[0.452s] -- Found rosidl_default_generators: 1.2.0 (/opt/ros/humble/share/rosidl_default_generators/cmake)
[0.456s] -- Using all available rosidl_typesupport_c: rosidl_typesupport_fastrtps_c;rosidl_typesupport_introspection_c
[0.465s] -- Found rosidl_adapter: 3.1.6 (/opt/ros/humble/share/rosidl_adapter/cmake)
[0.507s] -- Using all available rosidl_typesupport_cpp: rosidl_typesupport_fastrtps_cpp;rosidl_typesupport_introspection_cpp
[0.542s] -- Found builtin_interfaces: 1.2.1 (/opt/ros/humble/share/builtin_interfaces/cmake)
[0.554s] -- Found std_msgs: 4.9.0 (/opt/ros/humble/share/std_msgs/cmake)
[0.564s] -- Found sensor_msgs: 4.9.0 (/opt/ros/humble/share/sensor_msgs/cmake)
[0.823s] -- Found ament_cmake_cppcheck: 0.12.12 (/opt/ros/humble/share/ament_cmake_cppcheck/cmake)
[0.826s] -- Found ament_cmake_cpplint: 0.12.12 (/opt/ros/humble/share/ament_cmake_cpplint/cmake)
[0.830s] -- Found ament_cmake_uncrustify: 0.12.12 (/opt/ros/humble/share/ament_cmake_uncrustify/cmake)
[0.833s] -- Found ament_cmake_ros: 0.10.0 (/opt/ros/humble/share/ament_cmake_ros/cmake)
[1.054s] -- Using all available rosidl_typesupport_c: rosidl_typesupport_fastrtps_c;rosidl_typesupport_introspection_c
[1.333s] -- Using all available rosidl_typesupport_cpp: rosidl_typesupport_fastrtps_cpp;rosidl_typesupport_introspection_cpp
[1.351s] -- Found PythonInterp: /usr/bin/python3 (found suitable version "3.10.12", minimum required is "3.6") 
[1.354s] -- Found python_cmake_module: 0.10.0 (/opt/ros/humble/share/python_cmake_module/cmake)
[1.374s] -- Found PythonLibs: /usr/lib/x86_64-linux-gnu/libpython3.10.so (found suitable version "3.10.12", minimum required is "3.5") 
[1.374s] -- Using PYTHON_EXECUTABLE: /usr/bin/python3
[1.374s] -- Using PYTHON_INCLUDE_DIRS: /usr/include/python3.10
[1.374s] -- Using PYTHON_LIBRARIES: /usr/lib/x86_64-linux-gnu/libpython3.10.so
[1.390s] -- Found PythonExtra: .so  
[1.452s] -- Found ament_cmake_flake8: 0.12.12 (/opt/ros/humble/share/ament_cmake_flake8/cmake)
[1.455s] -- Found ament_cmake_pep257: 0.12.12 (/opt/ros/humble/share/ament_cmake_pep257/cmake)
[1.464s] -- Configuring done
[1.499s] -- Generating done
[1.508s] -- Build files have been written to: /home/tao/ros2_ws/src/realsense-ros/build/realsense2_camera_msgs
[1.515s] Invoked command in '/home/tao/ros2_ws/src/realsense-ros/build/realsense2_camera_msgs' returned '0': CMAKE_PREFIX_PATH=${CMAKE_PREFIX_PATH}:/home/tao/ros2_ws/install/rtabmap_python:/opt/ros/humble /usr/bin/cmake /home/tao/ros2_ws/src/realsense-ros/realsense2_camera_msgs -DAMENT_CMAKE_SYMLINK_INSTALL=1 -DCMAKE_INSTALL_PREFIX=/home/tao/ros2_ws/src/realsense-ros/install/realsense2_camera_msgs
[1.517s] Invoking command in '/home/tao/ros2_ws/src/realsense-ros/build/realsense2_camera_msgs': CMAKE_PREFIX_PATH=${CMAKE_PREFIX_PATH}:/home/tao/ros2_ws/install/rtabmap_python:/opt/ros/humble /usr/bin/cmake --build /home/tao/ros2_ws/src/realsense-ros/build/realsense2_camera_msgs
[1.555s] [  1%] [34m[1mGenerating C code for ROS interfaces[0m
[1.564s] [  3%] [34m[1mGenerating C++ code for ROS interfaces[0m
[1.572s] [  3%] Built target ament_cmake_python_symlink_realsense2_camera_msgs
[1.759s] running egg_info
[1.759s] creating realsense2_camera_msgs.egg-info
[1.759s] writing realsense2_camera_msgs.egg-info/PKG-INFO
[1.759s] writing dependency_links to realsense2_camera_msgs.egg-info/dependency_links.txt
[1.759s] writing top-level names to realsense2_camera_msgs.egg-info/top_level.txt
[1.760s] writing manifest file 'realsense2_camera_msgs.egg-info/SOURCES.txt'
[1.761s] reading manifest file 'realsense2_camera_msgs.egg-info/SOURCES.txt'
[1.761s] writing manifest file 'realsense2_camera_msgs.egg-info/SOURCES.txt'
[1.785s] [  3%] Built target ament_cmake_python_build_realsense2_camera_msgs_egg
[2.017s] [  3%] Built target realsense2_camera_msgs__cpp
[2.019s] [  7%] [32mBuilding C object CMakeFiles/realsense2_camera_msgs__rosidl_generator_c.dir/rosidl_generator_c/realsense2_camera_msgs/msg/detail/metadata__functions.c.o[0m
[2.019s] [  7%] [32mBuilding C object CMakeFiles/realsense2_camera_msgs__rosidl_generator_c.dir/rosidl_generator_c/realsense2_camera_msgs/msg/detail/imu_info__functions.c.o[0m
[2.020s] [  7%] [32mBuilding C object CMakeFiles/realsense2_camera_msgs__rosidl_generator_c.dir/rosidl_generator_c/realsense2_camera_msgs/msg/detail/extrinsics__functions.c.o[0m
[2.024s] [  9%] [32mBuilding C object CMakeFiles/realsense2_camera_msgs__rosidl_generator_c.dir/rosidl_generator_c/realsense2_camera_msgs/msg/detail/rgbd__functions.c.o[0m
[2.060s] [ 11%] [32mBuilding C object CMakeFiles/realsense2_camera_msgs__rosidl_generator_c.dir/rosidl_generator_c/realsense2_camera_msgs/srv/detail/device_info__functions.c.o[0m
[2.061s] [ 14%] [34m[1mGenerating C++ type support for eProsima Fast-RTPS[0m
[2.061s] [ 14%] [34m[1mGenerating C++ type support dispatch for ROS interfaces[0m
[2.068s] [ 15%] [34m[1mGenerating C++ introspection for ROS interfaces[0m
[2.110s] [ 17%] [32m[1mLinking C shared library librealsense2_camera_msgs__rosidl_generator_c.so[0m
[2.147s] [ 17%] Built target realsense2_camera_msgs__rosidl_generator_c
[2.157s] [ 19%] [34m[1mGenerating C type support for eProsima Fast-RTPS[0m
[2.370s] [ 20%] [32mBuilding CXX object CMakeFiles/realsense2_camera_msgs__rosidl_typesupport_cpp.dir/rosidl_typesupport_cpp/realsense2_camera_msgs/msg/imu_info__type_support.cpp.o[0m
[2.458s] [ 22%] [32mBuilding CXX object CMakeFiles/realsense2_camera_msgs__rosidl_typesupport_introspection_cpp.dir/rosidl_typesupport_introspection_cpp/realsense2_camera_msgs/msg/detail/imu_info__type_support.cpp.o[0m
[2.481s] [ 23%] [32mBuilding CXX object CMakeFiles/realsense2_camera_msgs__rosidl_typesupport_fastrtps_cpp.dir/rosidl_typesupport_fastrtps_cpp/realsense2_camera_msgs/msg/detail/dds_fastrtps/imu_info__type_support.cpp.o[0m
[2.573s] [ 25%] [32mBuilding CXX object CMakeFiles/realsense2_camera_msgs__rosidl_typesupport_cpp.dir/rosidl_typesupport_cpp/realsense2_camera_msgs/msg/extrinsics__type_support.cpp.o[0m
[2.574s] [ 26%] [32mBuilding CXX object CMakeFiles/realsense2_camera_msgs__rosidl_typesupport_fastrtps_c.dir/rosidl_typesupport_fastrtps_c/realsense2_camera_msgs/msg/detail/imu_info__type_support_c.cpp.o[0m
[2.754s] [ 28%] [32mBuilding CXX object CMakeFiles/realsense2_camera_msgs__rosidl_typesupport_introspection_cpp.dir/rosidl_typesupport_introspection_cpp/realsense2_camera_msgs/msg/detail/extrinsics__type_support.cpp.o[0m
[2.777s] [ 30%] [32mBuilding CXX object CMakeFiles/realsense2_camera_msgs__rosidl_typesupport_cpp.dir/rosidl_typesupport_cpp/realsense2_camera_msgs/msg/metadata__type_support.cpp.o[0m
[2.781s] [ 31%] [32mBuilding CXX object CMakeFiles/realsense2_camera_msgs__rosidl_typesupport_fastrtps_cpp.dir/rosidl_typesupport_fastrtps_cpp/realsense2_camera_msgs/msg/detail/dds_fastrtps/extrinsics__type_support.cpp.o[0m
[2.828s] [ 33%] [32mBuilding CXX object CMakeFiles/realsense2_camera_msgs__rosidl_typesupport_fastrtps_c.dir/rosidl_typesupport_fastrtps_c/realsense2_camera_msgs/msg/detail/extrinsics__type_support_c.cpp.o[0m
[2.979s] [ 34%] [32mBuilding CXX object CMakeFiles/realsense2_camera_msgs__rosidl_typesupport_cpp.dir/rosidl_typesupport_cpp/realsense2_camera_msgs/msg/rgbd__type_support.cpp.o[0m
[3.045s] [ 36%] [32mBuilding CXX object CMakeFiles/realsense2_camera_msgs__rosidl_typesupport_introspection_cpp.dir/rosidl_typesupport_introspection_cpp/realsense2_camera_msgs/msg/detail/metadata__type_support.cpp.o[0m
[3.079s] [ 38%] [32mBuilding CXX object CMakeFiles/realsense2_camera_msgs__rosidl_typesupport_fastrtps_c.dir/rosidl_typesupport_fastrtps_c/realsense2_camera_msgs/msg/detail/metadata__type_support_c.cpp.o[0m
[3.079s] [ 39%] [32mBuilding CXX object CMakeFiles/realsense2_camera_msgs__rosidl_typesupport_fastrtps_cpp.dir/rosidl_typesupport_fastrtps_cpp/realsense2_camera_msgs/msg/detail/dds_fastrtps/metadata__type_support.cpp.o[0m
[3.184s] [ 41%] [32mBuilding CXX object CMakeFiles/realsense2_camera_msgs__rosidl_typesupport_cpp.dir/rosidl_typesupport_cpp/realsense2_camera_msgs/srv/device_info__type_support.cpp.o[0m
[3.330s] [ 42%] [32mBuilding CXX object CMakeFiles/realsense2_camera_msgs__rosidl_typesupport_introspection_cpp.dir/rosidl_typesupport_introspection_cpp/realsense2_camera_msgs/msg/detail/rgbd__type_support.cpp.o[0m
[3.333s] [ 44%] [32mBuilding CXX object CMakeFiles/realsense2_camera_msgs__rosidl_typesupport_fastrtps_c.dir/rosidl_typesupport_fastrtps_c/realsense2_camera_msgs/msg/detail/rgbd__type_support_c.cpp.o[0m
[3.379s] [ 46%] [32mBuilding CXX object CMakeFiles/realsense2_camera_msgs__rosidl_typesupport_fastrtps_cpp.dir/rosidl_typesupport_fastrtps_cpp/realsense2_camera_msgs/msg/detail/dds_fastrtps/rgbd__type_support.cpp.o[0m
[3.388s] [ 47%] [32m[1mLinking CXX shared library librealsense2_camera_msgs__rosidl_typesupport_cpp.so[0m
[3.426s] [ 47%] Built target realsense2_camera_msgs__rosidl_typesupport_cpp
[3.437s] [ 49%] [34m[1mGenerating C introspection for ROS interfaces[0m
[3.587s] [ 50%] [32mBuilding CXX object CMakeFiles/realsense2_camera_msgs__rosidl_typesupport_fastrtps_c.dir/rosidl_typesupport_fastrtps_c/realsense2_camera_msgs/srv/detail/device_info__type_support_c.cpp.o[0m
[3.641s] [ 52%] [32mBuilding CXX object CMakeFiles/realsense2_camera_msgs__rosidl_typesupport_introspection_cpp.dir/rosidl_typesupport_introspection_cpp/realsense2_camera_msgs/srv/detail/device_info__type_support.cpp.o[0m
[3.683s] [ 53%] [32mBuilding CXX object CMakeFiles/realsense2_camera_msgs__rosidl_typesupport_fastrtps_cpp.dir/rosidl_typesupport_fastrtps_cpp/realsense2_camera_msgs/srv/detail/dds_fastrtps/device_info__type_support.cpp.o[0m
[3.842s] [ 55%] [32mBuilding C object CMakeFiles/realsense2_camera_msgs__rosidl_typesupport_introspection_c.dir/rosidl_typesupport_introspection_c/realsense2_camera_msgs/msg/detail/imu_info__type_support.c.o[0m
[3.862s] [ 57%] [32m[1mLinking CXX shared library librealsense2_camera_msgs__rosidl_typesupport_fastrtps_c.so[0m
[3.879s] [ 58%] [32mBuilding C object CMakeFiles/realsense2_camera_msgs__rosidl_typesupport_introspection_c.dir/rosidl_typesupport_introspection_c/realsense2_camera_msgs/msg/detail/extrinsics__type_support.c.o[0m
[3.914s] [ 60%] [32mBuilding C object CMakeFiles/realsense2_camera_msgs__rosidl_typesupport_introspection_c.dir/rosidl_typesupport_introspection_c/realsense2_camera_msgs/msg/detail/metadata__type_support.c.o[0m
[3.929s] [ 60%] Built target realsense2_camera_msgs__rosidl_typesupport_fastrtps_c
[3.930s] [ 61%] [32m[1mLinking CXX shared library librealsense2_camera_msgs__rosidl_typesupport_introspection_cpp.so[0m
[3.940s] [ 63%] [34m[1mGenerating C type support dispatch for ROS interfaces[0m
[3.948s] [ 65%] [32mBuilding C object CMakeFiles/realsense2_camera_msgs__rosidl_typesupport_introspection_c.dir/rosidl_typesupport_introspection_c/realsense2_camera_msgs/msg/detail/rgbd__type_support.c.o[0m
[3.983s] [ 66%] [32mBuilding C object CMakeFiles/realsense2_camera_msgs__rosidl_typesupport_introspection_c.dir/rosidl_typesupport_introspection_c/realsense2_camera_msgs/srv/detail/device_info__type_support.c.o[0m
[3.999s] [ 68%] [32m[1mLinking CXX shared library librealsense2_camera_msgs__rosidl_typesupport_fastrtps_cpp.so[0m
[3.999s] [ 68%] Built target realsense2_camera_msgs__rosidl_typesupport_introspection_cpp
[4.016s] [ 69%] [32m[1mLinking C shared library librealsense2_camera_msgs__rosidl_typesupport_introspection_c.so[0m
[4.049s] [ 69%] Built target realsense2_camera_msgs__rosidl_typesupport_introspection_c
[4.062s] [ 69%] Built target realsense2_camera_msgs__rosidl_typesupport_fastrtps_cpp
[4.220s] [ 76%] [32mBuilding CXX object CMakeFiles/realsense2_camera_msgs__rosidl_typesupport_c.dir/rosidl_typesupport_c/realsense2_camera_msgs/msg/metadata__type_support.cpp.o[0m
[4.220s] [ 76%] [32mBuilding CXX object CMakeFiles/realsense2_camera_msgs__rosidl_typesupport_c.dir/rosidl_typesupport_c/realsense2_camera_msgs/msg/imu_info__type_support.cpp.o[0m
[4.220s] [ 76%] [32mBuilding CXX object CMakeFiles/realsense2_camera_msgs__rosidl_typesupport_c.dir/rosidl_typesupport_c/realsense2_camera_msgs/msg/extrinsics__type_support.cpp.o[0m
[4.220s] [ 76%] [32mBuilding CXX object CMakeFiles/realsense2_camera_msgs__rosidl_typesupport_c.dir/rosidl_typesupport_c/realsense2_camera_msgs/msg/rgbd__type_support.cpp.o[0m
[4.247s] [ 77%] [32mBuilding CXX object CMakeFiles/realsense2_camera_msgs__rosidl_typesupport_c.dir/rosidl_typesupport_c/realsense2_camera_msgs/srv/device_info__type_support.cpp.o[0m
[4.274s] [ 79%] [32m[1mLinking CXX shared library librealsense2_camera_msgs__rosidl_typesupport_c.so[0m
[4.311s] [ 79%] Built target realsense2_camera_msgs__rosidl_typesupport_c
[4.330s] [ 79%] Built target realsense2_camera_msgs
[4.350s] [ 80%] [34m[1mGenerating Python code for ROS interfaces[0m
[4.933s] [ 80%] Built target realsense2_camera_msgs__py
[4.953s] [ 84%] [32mBuilding C object CMakeFiles/realsense2_camera_msgs__rosidl_generator_py.dir/rosidl_generator_py/realsense2_camera_msgs/msg/_extrinsics_s.c.o[0m
[4.953s] [ 85%] [32mBuilding C object CMakeFiles/realsense2_camera_msgs__rosidl_generator_py.dir/rosidl_generator_py/realsense2_camera_msgs/msg/_imu_info_s.c.o[0m
[4.953s] [ 87%] [32mBuilding C object CMakeFiles/realsense2_camera_msgs__rosidl_generator_py.dir/rosidl_generator_py/realsense2_camera_msgs/msg/_rgbd_s.c.o[0m
[4.953s] [ 87%] [32mBuilding C object CMakeFiles/realsense2_camera_msgs__rosidl_generator_py.dir/rosidl_generator_py/realsense2_camera_msgs/msg/_metadata_s.c.o[0m
[5.033s] [ 88%] [32mBuilding C object CMakeFiles/realsense2_camera_msgs__rosidl_generator_py.dir/rosidl_generator_py/realsense2_camera_msgs/srv/_device_info_s.c.o[0m
[5.119s] [ 90%] [32m[1mLinking C shared library rosidl_generator_py/realsense2_camera_msgs/librealsense2_camera_msgs__rosidl_generator_py.so[0m
[5.157s] [ 90%] Built target realsense2_camera_msgs__rosidl_generator_py
[5.177s] [ 95%] [32mBuilding C object CMakeFiles/realsense2_camera_msgs__rosidl_typesupport_c__pyext.dir/rosidl_generator_py/realsense2_camera_msgs/_realsense2_camera_msgs_s.ep.rosidl_typesupport_c.c.o[0m
[5.177s] [ 95%] [32mBuilding C object CMakeFiles/realsense2_camera_msgs__rosidl_typesupport_introspection_c__pyext.dir/rosidl_generator_py/realsense2_camera_msgs/_realsense2_camera_msgs_s.ep.rosidl_typesupport_introspection_c.c.o[0m
[5.177s] [ 95%] [32mBuilding C object CMakeFiles/realsense2_camera_msgs__rosidl_typesupport_fastrtps_c__pyext.dir/rosidl_generator_py/realsense2_camera_msgs/_realsense2_camera_msgs_s.ep.rosidl_typesupport_fastrtps_c.c.o[0m
[5.269s] [100%] [32m[1mLinking C shared library rosidl_generator_py/realsense2_camera_msgs/realsense2_camera_msgs_s__rosidl_typesupport_c.cpython-310-x86_64-linux-gnu.so[0m
[5.269s] [100%] [32m[1mLinking C shared library rosidl_generator_py/realsense2_camera_msgs/realsense2_camera_msgs_s__rosidl_typesupport_introspection_c.cpython-310-x86_64-linux-gnu.so[0m
[5.269s] [100%] [32m[1mLinking C shared library rosidl_generator_py/realsense2_camera_msgs/realsense2_camera_msgs_s__rosidl_typesupport_fastrtps_c.cpython-310-x86_64-linux-gnu.so[0m
[5.308s] [100%] Built target realsense2_camera_msgs__rosidl_typesupport_c__pyext
[5.308s] [100%] Built target realsense2_camera_msgs__rosidl_typesupport_fastrtps_c__pyext
[5.308s] [100%] Built target realsense2_camera_msgs__rosidl_typesupport_introspection_c__pyext
[5.319s] Invoked command in '/home/tao/ros2_ws/src/realsense-ros/build/realsense2_camera_msgs' returned '0': CMAKE_PREFIX_PATH=${CMAKE_PREFIX_PATH}:/home/tao/ros2_ws/install/rtabmap_python:/opt/ros/humble /usr/bin/cmake --build /home/tao/ros2_ws/src/realsense-ros/build/realsense2_camera_msgs
[5.328s] Invoking command in '/home/tao/ros2_ws/src/realsense-ros/build/realsense2_camera_msgs': CMAKE_PREFIX_PATH=${CMAKE_PREFIX_PATH}:/home/tao/ros2_ws/install/rtabmap_python:/opt/ros/humble /usr/bin/cmake --install /home/tao/ros2_ws/src/realsense-ros/build/realsense2_camera_msgs
[5.334s] -- Install configuration: ""
[5.334s] -- Execute custom install script
[5.335s] -- Symlinking: /home/tao/ros2_ws/src/realsense-ros/install/realsense2_camera_msgs/share/ament_index/resource_index/rosidl_interfaces/realsense2_camera_msgs
[5.343s] -- Symlinking: /home/tao/ros2_ws/src/realsense-ros/install/realsense2_camera_msgs/include/realsense2_camera_msgs/realsense2_camera_msgs/msg/detail/extrinsics__functions.h
[5.351s] -- Symlinking: /home/tao/ros2_ws/src/realsense-ros/install/realsense2_camera_msgs/include/realsense2_camera_msgs/realsense2_camera_msgs/msg/detail/extrinsics__struct.h
[5.359s] -- Symlinking: /home/tao/ros2_ws/src/realsense-ros/install/realsense2_camera_msgs/include/realsense2_camera_msgs/realsense2_camera_msgs/msg/detail/extrinsics__type_support.h
[5.366s] -- Symlinking: /home/tao/ros2_ws/src/realsense-ros/install/realsense2_camera_msgs/include/realsense2_camera_msgs/realsense2_camera_msgs/msg/detail/imu_info__functions.h
[5.373s] -- Symlinking: /home/tao/ros2_ws/src/realsense-ros/install/realsense2_camera_msgs/include/realsense2_camera_msgs/realsense2_camera_msgs/msg/detail/imu_info__struct.h
[5.381s] -- Symlinking: /home/tao/ros2_ws/src/realsense-ros/install/realsense2_camera_msgs/include/realsense2_camera_msgs/realsense2_camera_msgs/msg/detail/imu_info__type_support.h
[5.389s] -- Symlinking: /home/tao/ros2_ws/src/realsense-ros/install/realsense2_camera_msgs/include/realsense2_camera_msgs/realsense2_camera_msgs/msg/detail/metadata__functions.h
[5.396s] -- Symlinking: /home/tao/ros2_ws/src/realsense-ros/install/realsense2_camera_msgs/include/realsense2_camera_msgs/realsense2_camera_msgs/msg/detail/metadata__struct.h
[5.403s] -- Symlinking: /home/tao/ros2_ws/src/realsense-ros/install/realsense2_camera_msgs/include/realsense2_camera_msgs/realsense2_camera_msgs/msg/detail/metadata__type_support.h
[5.411s] -- Symlinking: /home/tao/ros2_ws/src/realsense-ros/install/realsense2_camera_msgs/include/realsense2_camera_msgs/realsense2_camera_msgs/msg/detail/rgbd__functions.h
[5.418s] -- Symlinking: /home/tao/ros2_ws/src/realsense-ros/install/realsense2_camera_msgs/include/realsense2_camera_msgs/realsense2_camera_msgs/msg/detail/rgbd__struct.h
[5.426s] -- Symlinking: /home/tao/ros2_ws/src/realsense-ros/install/realsense2_camera_msgs/include/realsense2_camera_msgs/realsense2_camera_msgs/msg/detail/rgbd__type_support.h
[5.433s] -- Symlinking: /home/tao/ros2_ws/src/realsense-ros/install/realsense2_camera_msgs/include/realsense2_camera_msgs/realsense2_camera_msgs/msg/extrinsics.h
[5.441s] -- Symlinking: /home/tao/ros2_ws/src/realsense-ros/install/realsense2_camera_msgs/include/realsense2_camera_msgs/realsense2_camera_msgs/msg/imu_info.h
[5.449s] -- Symlinking: /home/tao/ros2_ws/src/realsense-ros/install/realsense2_camera_msgs/include/realsense2_camera_msgs/realsense2_camera_msgs/msg/metadata.h
[5.456s] -- Symlinking: /home/tao/ros2_ws/src/realsense-ros/install/realsense2_camera_msgs/include/realsense2_camera_msgs/realsense2_camera_msgs/msg/rgbd.h
[5.463s] -- Symlinking: /home/tao/ros2_ws/src/realsense-ros/install/realsense2_camera_msgs/include/realsense2_camera_msgs/realsense2_camera_msgs/msg/rosidl_generator_c__visibility_control.h
[5.471s] -- Symlinking: /home/tao/ros2_ws/src/realsense-ros/install/realsense2_camera_msgs/include/realsense2_camera_msgs/realsense2_camera_msgs/srv/detail/device_info__functions.h
[5.478s] -- Symlinking: /home/tao/ros2_ws/src/realsense-ros/install/realsense2_camera_msgs/include/realsense2_camera_msgs/realsense2_camera_msgs/srv/detail/device_info__struct.h
[5.486s] -- Symlinking: /home/tao/ros2_ws/src/realsense-ros/install/realsense2_camera_msgs/include/realsense2_camera_msgs/realsense2_camera_msgs/srv/detail/device_info__type_support.h
[5.493s] -- Symlinking: /home/tao/ros2_ws/src/realsense-ros/install/realsense2_camera_msgs/include/realsense2_camera_msgs/realsense2_camera_msgs/srv/device_info.h
[5.501s] -- Symlinking: /home/tao/ros2_ws/src/realsense-ros/install/realsense2_camera_msgs/share/realsense2_camera_msgs/environment/library_path.sh
[5.508s] -- Symlinking: /home/tao/ros2_ws/src/realsense-ros/install/realsense2_camera_msgs/share/realsense2_camera_msgs/environment/library_path.dsv
[5.516s] -- Symlinking: /home/tao/ros2_ws/src/realsense-ros/install/realsense2_camera_msgs/include/realsense2_camera_msgs/realsense2_camera_msgs/msg/detail/extrinsics__rosidl_typesupport_fastrtps_c.h
[5.524s] -- Symlinking: /home/tao/ros2_ws/src/realsense-ros/install/realsense2_camera_msgs/include/realsense2_camera_msgs/realsense2_camera_msgs/msg/detail/imu_info__rosidl_typesupport_fastrtps_c.h
[5.531s] -- Symlinking: /home/tao/ros2_ws/src/realsense-ros/install/realsense2_camera_msgs/include/realsense2_camera_msgs/realsense2_camera_msgs/msg/detail/metadata__rosidl_typesupport_fastrtps_c.h
[5.539s] -- Symlinking: /home/tao/ros2_ws/src/realsense-ros/install/realsense2_camera_msgs/include/realsense2_camera_msgs/realsense2_camera_msgs/msg/detail/rgbd__rosidl_typesupport_fastrtps_c.h
[5.547s] -- Symlinking: /home/tao/ros2_ws/src/realsense-ros/install/realsense2_camera_msgs/include/realsense2_camera_msgs/realsense2_camera_msgs/msg/rosidl_typesupport_fastrtps_c__visibility_control.h
[5.554s] -- Symlinking: /home/tao/ros2_ws/src/realsense-ros/install/realsense2_camera_msgs/include/realsense2_camera_msgs/realsense2_camera_msgs/srv/detail/device_info__rosidl_typesupport_fastrtps_c.h
[5.562s] -- Symlinking: /home/tao/ros2_ws/src/realsense-ros/install/realsense2_camera_msgs/include/realsense2_camera_msgs/realsense2_camera_msgs/msg/detail/extrinsics__rosidl_typesupport_introspection_c.h
[5.570s] -- Symlinking: /home/tao/ros2_ws/src/realsense-ros/install/realsense2_camera_msgs/include/realsense2_camera_msgs/realsense2_camera_msgs/msg/detail/imu_info__rosidl_typesupport_introspection_c.h
[5.577s] -- Symlinking: /home/tao/ros2_ws/src/realsense-ros/install/realsense2_camera_msgs/include/realsense2_camera_msgs/realsense2_camera_msgs/msg/detail/metadata__rosidl_typesupport_introspection_c.h
[5.585s] -- Symlinking: /home/tao/ros2_ws/src/realsense-ros/install/realsense2_camera_msgs/include/realsense2_camera_msgs/realsense2_camera_msgs/msg/detail/rgbd__rosidl_typesupport_introspection_c.h
[5.592s] -- Symlinking: /home/tao/ros2_ws/src/realsense-ros/install/realsense2_camera_msgs/include/realsense2_camera_msgs/realsense2_camera_msgs/msg/rosidl_typesupport_introspection_c__visibility_control.h
[5.600s] -- Symlinking: /home/tao/ros2_ws/src/realsense-ros/install/realsense2_camera_msgs/include/realsense2_camera_msgs/realsense2_camera_msgs/srv/detail/device_info__rosidl_typesupport_introspection_c.h
[5.608s] -- Symlinking: /home/tao/ros2_ws/src/realsense-ros/install/realsense2_camera_msgs/include/realsense2_camera_msgs/realsense2_camera_msgs/msg/detail/extrinsics__builder.hpp
[5.615s] -- Symlinking: /home/tao/ros2_ws/src/realsense-ros/install/realsense2_camera_msgs/include/realsense2_camera_msgs/realsense2_camera_msgs/msg/detail/extrinsics__struct.hpp
[5.623s] -- Symlinking: /home/tao/ros2_ws/src/realsense-ros/install/realsense2_camera_msgs/include/realsense2_camera_msgs/realsense2_camera_msgs/msg/detail/extrinsics__traits.hpp
[5.630s] -- Symlinking: /home/tao/ros2_ws/src/realsense-ros/install/realsense2_camera_msgs/include/realsense2_camera_msgs/realsense2_camera_msgs/msg/detail/extrinsics__type_support.hpp
[5.638s] -- Symlinking: /home/tao/ros2_ws/src/realsense-ros/install/realsense2_camera_msgs/include/realsense2_camera_msgs/realsense2_camera_msgs/msg/detail/imu_info__builder.hpp
[5.646s] -- Symlinking: /home/tao/ros2_ws/src/realsense-ros/install/realsense2_camera_msgs/include/realsense2_camera_msgs/realsense2_camera_msgs/msg/detail/imu_info__struct.hpp
[5.653s] -- Symlinking: /home/tao/ros2_ws/src/realsense-ros/install/realsense2_camera_msgs/include/realsense2_camera_msgs/realsense2_camera_msgs/msg/detail/imu_info__traits.hpp
[5.661s] -- Symlinking: /home/tao/ros2_ws/src/realsense-ros/install/realsense2_camera_msgs/include/realsense2_camera_msgs/realsense2_camera_msgs/msg/detail/imu_info__type_support.hpp
[5.668s] -- Symlinking: /home/tao/ros2_ws/src/realsense-ros/install/realsense2_camera_msgs/include/realsense2_camera_msgs/realsense2_camera_msgs/msg/detail/metadata__builder.hpp
[5.675s] -- Symlinking: /home/tao/ros2_ws/src/realsense-ros/install/realsense2_camera_msgs/include/realsense2_camera_msgs/realsense2_camera_msgs/msg/detail/metadata__struct.hpp
[5.682s] -- Symlinking: /home/tao/ros2_ws/src/realsense-ros/install/realsense2_camera_msgs/include/realsense2_camera_msgs/realsense2_camera_msgs/msg/detail/metadata__traits.hpp
[5.690s] -- Symlinking: /home/tao/ros2_ws/src/realsense-ros/install/realsense2_camera_msgs/include/realsense2_camera_msgs/realsense2_camera_msgs/msg/detail/metadata__type_support.hpp
[5.697s] -- Symlinking: /home/tao/ros2_ws/src/realsense-ros/install/realsense2_camera_msgs/include/realsense2_camera_msgs/realsense2_camera_msgs/msg/detail/rgbd__builder.hpp
[5.705s] -- Symlinking: /home/tao/ros2_ws/src/realsense-ros/install/realsense2_camera_msgs/include/realsense2_camera_msgs/realsense2_camera_msgs/msg/detail/rgbd__struct.hpp
[5.712s] -- Symlinking: /home/tao/ros2_ws/src/realsense-ros/install/realsense2_camera_msgs/include/realsense2_camera_msgs/realsense2_camera_msgs/msg/detail/rgbd__traits.hpp
[5.720s] -- Symlinking: /home/tao/ros2_ws/src/realsense-ros/install/realsense2_camera_msgs/include/realsense2_camera_msgs/realsense2_camera_msgs/msg/detail/rgbd__type_support.hpp
[5.727s] -- Symlinking: /home/tao/ros2_ws/src/realsense-ros/install/realsense2_camera_msgs/include/realsense2_camera_msgs/realsense2_camera_msgs/msg/extrinsics.hpp
[5.735s] -- Symlinking: /home/tao/ros2_ws/src/realsense-ros/install/realsense2_camera_msgs/include/realsense2_camera_msgs/realsense2_camera_msgs/msg/imu_info.hpp
[5.742s] -- Symlinking: /home/tao/ros2_ws/src/realsense-ros/install/realsense2_camera_msgs/include/realsense2_camera_msgs/realsense2_camera_msgs/msg/metadata.hpp
[5.750s] -- Symlinking: /home/tao/ros2_ws/src/realsense-ros/install/realsense2_camera_msgs/include/realsense2_camera_msgs/realsense2_camera_msgs/msg/rgbd.hpp
[5.757s] -- Symlinking: /home/tao/ros2_ws/src/realsense-ros/install/realsense2_camera_msgs/include/realsense2_camera_msgs/realsense2_camera_msgs/msg/rosidl_generator_cpp__visibility_control.hpp
[5.764s] -- Symlinking: /home/tao/ros2_ws/src/realsense-ros/install/realsense2_camera_msgs/include/realsense2_camera_msgs/realsense2_camera_msgs/srv/detail/device_info__builder.hpp
[5.772s] -- Symlinking: /home/tao/ros2_ws/src/realsense-ros/install/realsense2_camera_msgs/include/realsense2_camera_msgs/realsense2_camera_msgs/srv/detail/device_info__struct.hpp
[5.779s] -- Symlinking: /home/tao/ros2_ws/src/realsense-ros/install/realsense2_camera_msgs/include/realsense2_camera_msgs/realsense2_camera_msgs/srv/detail/device_info__traits.hpp
[5.786s] -- Symlinking: /home/tao/ros2_ws/src/realsense-ros/install/realsense2_camera_msgs/include/realsense2_camera_msgs/realsense2_camera_msgs/srv/detail/device_info__type_support.hpp
[5.794s] -- Symlinking: /home/tao/ros2_ws/src/realsense-ros/install/realsense2_camera_msgs/include/realsense2_camera_msgs/realsense2_camera_msgs/srv/device_info.hpp
[5.802s] -- Symlinking: /home/tao/ros2_ws/src/realsense-ros/install/realsense2_camera_msgs/include/realsense2_camera_msgs/realsense2_camera_msgs/msg/detail/extrinsics__rosidl_typesupport_fastrtps_cpp.hpp
[5.809s] -- Symlinking: /home/tao/ros2_ws/src/realsense-ros/install/realsense2_camera_msgs/include/realsense2_camera_msgs/realsense2_camera_msgs/msg/detail/imu_info__rosidl_typesupport_fastrtps_cpp.hpp
[5.816s] -- Symlinking: /home/tao/ros2_ws/src/realsense-ros/install/realsense2_camera_msgs/include/realsense2_camera_msgs/realsense2_camera_msgs/msg/detail/metadata__rosidl_typesupport_fastrtps_cpp.hpp
[5.824s] -- Symlinking: /home/tao/ros2_ws/src/realsense-ros/install/realsense2_camera_msgs/include/realsense2_camera_msgs/realsense2_camera_msgs/msg/detail/rgbd__rosidl_typesupport_fastrtps_cpp.hpp
[5.831s] -- Symlinking: /home/tao/ros2_ws/src/realsense-ros/install/realsense2_camera_msgs/include/realsense2_camera_msgs/realsense2_camera_msgs/msg/rosidl_typesupport_fastrtps_cpp__visibility_control.h
[5.839s] -- Symlinking: /home/tao/ros2_ws/src/realsense-ros/install/realsense2_camera_msgs/include/realsense2_camera_msgs/realsense2_camera_msgs/srv/detail/device_info__rosidl_typesupport_fastrtps_cpp.hpp
[5.847s] -- Symlinking: /home/tao/ros2_ws/src/realsense-ros/install/realsense2_camera_msgs/include/realsense2_camera_msgs/realsense2_camera_msgs/msg/detail/extrinsics__rosidl_typesupport_introspection_cpp.hpp
[5.855s] -- Symlinking: /home/tao/ros2_ws/src/realsense-ros/install/realsense2_camera_msgs/include/realsense2_camera_msgs/realsense2_camera_msgs/msg/detail/imu_info__rosidl_typesupport_introspection_cpp.hpp
[5.862s] -- Symlinking: /home/tao/ros2_ws/src/realsense-ros/install/realsense2_camera_msgs/include/realsense2_camera_msgs/realsense2_camera_msgs/msg/detail/metadata__rosidl_typesupport_introspection_cpp.hpp
[5.870s] -- Symlinking: /home/tao/ros2_ws/src/realsense-ros/install/realsense2_camera_msgs/include/realsense2_camera_msgs/realsense2_camera_msgs/msg/detail/rgbd__rosidl_typesupport_introspection_cpp.hpp
[5.877s] -- Symlinking: /home/tao/ros2_ws/src/realsense-ros/install/realsense2_camera_msgs/include/realsense2_camera_msgs/realsense2_camera_msgs/srv/detail/device_info__rosidl_typesupport_introspection_cpp.hpp
[5.884s] -- Symlinking: /home/tao/ros2_ws/src/realsense-ros/install/realsense2_camera_msgs/share/realsense2_camera_msgs/environment/pythonpath.sh
[5.892s] -- Symlinking: /home/tao/ros2_ws/src/realsense-ros/install/realsense2_camera_msgs/share/realsense2_camera_msgs/environment/pythonpath.dsv
[5.899s] -- Symlinking: /home/tao/ros2_ws/src/realsense-ros/install/realsense2_camera_msgs/local/lib/python3.10/dist-packages/realsense2_camera_msgs-4.55.1-py3.10.egg-info/PKG-INFO
[5.907s] -- Symlinking: /home/tao/ros2_ws/src/realsense-ros/install/realsense2_camera_msgs/local/lib/python3.10/dist-packages/realsense2_camera_msgs-4.55.1-py3.10.egg-info/SOURCES.txt
[5.914s] -- Symlinking: /home/tao/ros2_ws/src/realsense-ros/install/realsense2_camera_msgs/local/lib/python3.10/dist-packages/realsense2_camera_msgs-4.55.1-py3.10.egg-info/dependency_links.txt
[5.922s] -- Symlinking: /home/tao/ros2_ws/src/realsense-ros/install/realsense2_camera_msgs/local/lib/python3.10/dist-packages/realsense2_camera_msgs-4.55.1-py3.10.egg-info/top_level.txt
[5.930s] -- Symlinking: /home/tao/ros2_ws/src/realsense-ros/install/realsense2_camera_msgs/local/lib/python3.10/dist-packages/realsense2_camera_msgs/__init__.py
[5.938s] -- Symlinking: /home/tao/ros2_ws/src/realsense-ros/install/realsense2_camera_msgs/local/lib/python3.10/dist-packages/realsense2_camera_msgs/_realsense2_camera_msgs_s.ep.rosidl_typesupport_c.c
[5.945s] -- Symlinking: /home/tao/ros2_ws/src/realsense-ros/install/realsense2_camera_msgs/local/lib/python3.10/dist-packages/realsense2_camera_msgs/_realsense2_camera_msgs_s.ep.rosidl_typesupport_fastrtps_c.c
[5.953s] -- Symlinking: /home/tao/ros2_ws/src/realsense-ros/install/realsense2_camera_msgs/local/lib/python3.10/dist-packages/realsense2_camera_msgs/_realsense2_camera_msgs_s.ep.rosidl_typesupport_introspection_c.c
[5.960s] -- Symlinking: /home/tao/ros2_ws/src/realsense-ros/install/realsense2_camera_msgs/local/lib/python3.10/dist-packages/realsense2_camera_msgs/librealsense2_camera_msgs__rosidl_generator_py.so
[5.968s] -- Symlinking: /home/tao/ros2_ws/src/realsense-ros/install/realsense2_camera_msgs/local/lib/python3.10/dist-packages/realsense2_camera_msgs/msg/__init__.py
[5.976s] -- Symlinking: /home/tao/ros2_ws/src/realsense-ros/install/realsense2_camera_msgs/local/lib/python3.10/dist-packages/realsense2_camera_msgs/msg/_extrinsics.py
[5.983s] -- Symlinking: /home/tao/ros2_ws/src/realsense-ros/install/realsense2_camera_msgs/local/lib/python3.10/dist-packages/realsense2_camera_msgs/msg/_extrinsics_s.c
[5.990s] -- Symlinking: /home/tao/ros2_ws/src/realsense-ros/install/realsense2_camera_msgs/local/lib/python3.10/dist-packages/realsense2_camera_msgs/msg/_imu_info.py
[5.998s] -- Symlinking: /home/tao/ros2_ws/src/realsense-ros/install/realsense2_camera_msgs/local/lib/python3.10/dist-packages/realsense2_camera_msgs/msg/_imu_info_s.c
[6.006s] -- Symlinking: /home/tao/ros2_ws/src/realsense-ros/install/realsense2_camera_msgs/local/lib/python3.10/dist-packages/realsense2_camera_msgs/msg/_metadata.py
[6.013s] -- Symlinking: /home/tao/ros2_ws/src/realsense-ros/install/realsense2_camera_msgs/local/lib/python3.10/dist-packages/realsense2_camera_msgs/msg/_metadata_s.c
[6.020s] -- Symlinking: /home/tao/ros2_ws/src/realsense-ros/install/realsense2_camera_msgs/local/lib/python3.10/dist-packages/realsense2_camera_msgs/msg/_rgbd.py
[6.028s] -- Symlinking: /home/tao/ros2_ws/src/realsense-ros/install/realsense2_camera_msgs/local/lib/python3.10/dist-packages/realsense2_camera_msgs/msg/_rgbd_s.c
[6.035s] -- Symlinking: /home/tao/ros2_ws/src/realsense-ros/install/realsense2_camera_msgs/local/lib/python3.10/dist-packages/realsense2_camera_msgs/realsense2_camera_msgs_s__rosidl_typesupport_c.cpython-310-x86_64-linux-gnu.so
[6.043s] -- Symlinking: /home/tao/ros2_ws/src/realsense-ros/install/realsense2_camera_msgs/local/lib/python3.10/dist-packages/realsense2_camera_msgs/realsense2_camera_msgs_s__rosidl_typesupport_fastrtps_c.cpython-310-x86_64-linux-gnu.so
[6.051s] -- Symlinking: /home/tao/ros2_ws/src/realsense-ros/install/realsense2_camera_msgs/local/lib/python3.10/dist-packages/realsense2_camera_msgs/realsense2_camera_msgs_s__rosidl_typesupport_introspection_c.cpython-310-x86_64-linux-gnu.so
[6.058s] -- Symlinking: /home/tao/ros2_ws/src/realsense-ros/install/realsense2_camera_msgs/local/lib/python3.10/dist-packages/realsense2_camera_msgs/srv/__init__.py
[6.065s] -- Symlinking: /home/tao/ros2_ws/src/realsense-ros/install/realsense2_camera_msgs/local/lib/python3.10/dist-packages/realsense2_camera_msgs/srv/_device_info.py
[6.073s] -- Symlinking: /home/tao/ros2_ws/src/realsense-ros/install/realsense2_camera_msgs/local/lib/python3.10/dist-packages/realsense2_camera_msgs/srv/_device_info_s.c
[6.080s] -- Up-to-date symlink: /home/tao/ros2_ws/src/realsense-ros/install/realsense2_camera_msgs/local/lib/python3.10/dist-packages/realsense2_camera_msgs/realsense2_camera_msgs_s__rosidl_typesupport_fastrtps_c.cpython-310-x86_64-linux-gnu.so
[6.081s] -- Up-to-date symlink: /home/tao/ros2_ws/src/realsense-ros/install/realsense2_camera_msgs/local/lib/python3.10/dist-packages/realsense2_camera_msgs/realsense2_camera_msgs_s__rosidl_typesupport_introspection_c.cpython-310-x86_64-linux-gnu.so
[6.081s] -- Up-to-date symlink: /home/tao/ros2_ws/src/realsense-ros/install/realsense2_camera_msgs/local/lib/python3.10/dist-packages/realsense2_camera_msgs/realsense2_camera_msgs_s__rosidl_typesupport_c.cpython-310-x86_64-linux-gnu.so
[6.081s] -- Symlinking: /home/tao/ros2_ws/src/realsense-ros/install/realsense2_camera_msgs/share/realsense2_camera_msgs/msg/IMUInfo.idl
[6.088s] -- Symlinking: /home/tao/ros2_ws/src/realsense-ros/install/realsense2_camera_msgs/share/realsense2_camera_msgs/msg/Extrinsics.idl
[6.096s] -- Symlinking: /home/tao/ros2_ws/src/realsense-ros/install/realsense2_camera_msgs/share/realsense2_camera_msgs/msg/Metadata.idl
[6.104s] -- Symlinking: /home/tao/ros2_ws/src/realsense-ros/install/realsense2_camera_msgs/share/realsense2_camera_msgs/msg/RGBD.idl
[6.111s] -- Symlinking: /home/tao/ros2_ws/src/realsense-ros/install/realsense2_camera_msgs/share/realsense2_camera_msgs/srv/DeviceInfo.idl
[6.118s] -- Symlinking: /home/tao/ros2_ws/src/realsense-ros/install/realsense2_camera_msgs/share/realsense2_camera_msgs/msg/IMUInfo.msg
[6.126s] -- Symlinking: /home/tao/ros2_ws/src/realsense-ros/install/realsense2_camera_msgs/share/realsense2_camera_msgs/msg/Extrinsics.msg
[6.133s] -- Symlinking: /home/tao/ros2_ws/src/realsense-ros/install/realsense2_camera_msgs/share/realsense2_camera_msgs/msg/Metadata.msg
[6.141s] -- Symlinking: /home/tao/ros2_ws/src/realsense-ros/install/realsense2_camera_msgs/share/realsense2_camera_msgs/msg/RGBD.msg
[6.149s] -- Symlinking: /home/tao/ros2_ws/src/realsense-ros/install/realsense2_camera_msgs/share/realsense2_camera_msgs/srv/DeviceInfo.srv
[6.156s] -- Symlinking: /home/tao/ros2_ws/src/realsense-ros/install/realsense2_camera_msgs/share/realsense2_camera_msgs/srv/DeviceInfo_Request.msg
[6.164s] -- Symlinking: /home/tao/ros2_ws/src/realsense-ros/install/realsense2_camera_msgs/share/realsense2_camera_msgs/srv/DeviceInfo_Response.msg
[6.171s] -- Symlinking: /home/tao/ros2_ws/src/realsense-ros/install/realsense2_camera_msgs/share/ament_index/resource_index/package_run_dependencies/realsense2_camera_msgs
[6.179s] -- Symlinking: /home/tao/ros2_ws/src/realsense-ros/install/realsense2_camera_msgs/share/ament_index/resource_index/parent_prefix_path/realsense2_camera_msgs
[6.186s] -- Symlinking: /home/tao/ros2_ws/src/realsense-ros/install/realsense2_camera_msgs/share/realsense2_camera_msgs/environment/ament_prefix_path.sh
[6.193s] -- Symlinking: /home/tao/ros2_ws/src/realsense-ros/install/realsense2_camera_msgs/share/realsense2_camera_msgs/environment/ament_prefix_path.dsv
[6.201s] -- Symlinking: /home/tao/ros2_ws/src/realsense-ros/install/realsense2_camera_msgs/share/realsense2_camera_msgs/environment/path.sh
[6.208s] -- Symlinking: /home/tao/ros2_ws/src/realsense-ros/install/realsense2_camera_msgs/share/realsense2_camera_msgs/environment/path.dsv
[6.216s] -- Symlinking: /home/tao/ros2_ws/src/realsense-ros/install/realsense2_camera_msgs/share/realsense2_camera_msgs/local_setup.bash
[6.223s] -- Symlinking: /home/tao/ros2_ws/src/realsense-ros/install/realsense2_camera_msgs/share/realsense2_camera_msgs/local_setup.sh
[6.231s] -- Symlinking: /home/tao/ros2_ws/src/realsense-ros/install/realsense2_camera_msgs/share/realsense2_camera_msgs/local_setup.zsh
[6.239s] -- Symlinking: /home/tao/ros2_ws/src/realsense-ros/install/realsense2_camera_msgs/share/realsense2_camera_msgs/local_setup.dsv
[6.247s] -- Symlinking: /home/tao/ros2_ws/src/realsense-ros/install/realsense2_camera_msgs/share/realsense2_camera_msgs/package.dsv
[6.255s] -- Symlinking: /home/tao/ros2_ws/src/realsense-ros/install/realsense2_camera_msgs/share/ament_index/resource_index/packages/realsense2_camera_msgs
[6.263s] -- Symlinking: /home/tao/ros2_ws/src/realsense-ros/install/realsense2_camera_msgs/share/realsense2_camera_msgs/cmake/rosidl_cmake-extras.cmake
[6.271s] -- Symlinking: /home/tao/ros2_ws/src/realsense-ros/install/realsense2_camera_msgs/share/realsense2_camera_msgs/cmake/ament_cmake_export_dependencies-extras.cmake
[6.278s] -- Symlinking: /home/tao/ros2_ws/src/realsense-ros/install/realsense2_camera_msgs/share/realsense2_camera_msgs/cmake/ament_cmake_export_include_directories-extras.cmake
[6.287s] -- Symlinking: /home/tao/ros2_ws/src/realsense-ros/install/realsense2_camera_msgs/share/realsense2_camera_msgs/cmake/ament_cmake_export_libraries-extras.cmake
[6.295s] -- Symlinking: /home/tao/ros2_ws/src/realsense-ros/install/realsense2_camera_msgs/share/realsense2_camera_msgs/cmake/ament_cmake_export_targets-extras.cmake
[6.303s] -- Symlinking: /home/tao/ros2_ws/src/realsense-ros/install/realsense2_camera_msgs/share/realsense2_camera_msgs/cmake/rosidl_cmake_export_typesupport_targets-extras.cmake
[6.311s] -- Symlinking: /home/tao/ros2_ws/src/realsense-ros/install/realsense2_camera_msgs/share/realsense2_camera_msgs/cmake/rosidl_cmake_export_typesupport_libraries-extras.cmake
[6.318s] -- Symlinking: /home/tao/ros2_ws/src/realsense-ros/install/realsense2_camera_msgs/share/realsense2_camera_msgs/cmake/realsense2_camera_msgsConfig.cmake
[6.326s] -- Symlinking: /home/tao/ros2_ws/src/realsense-ros/install/realsense2_camera_msgs/share/realsense2_camera_msgs/cmake/realsense2_camera_msgsConfig-version.cmake
[6.334s] -- Symlinking: /home/tao/ros2_ws/src/realsense-ros/install/realsense2_camera_msgs/share/realsense2_camera_msgs/package.xml
[6.342s] -- Installing: /home/tao/ros2_ws/src/realsense-ros/install/realsense2_camera_msgs/lib/librealsense2_camera_msgs__rosidl_generator_c.so
[6.343s] -- Set runtime path of "/home/tao/ros2_ws/src/realsense-ros/install/realsense2_camera_msgs/lib/librealsense2_camera_msgs__rosidl_generator_c.so" to ""
[6.343s] -- Installing: /home/tao/ros2_ws/src/realsense-ros/install/realsense2_camera_msgs/lib/librealsense2_camera_msgs__rosidl_typesupport_fastrtps_c.so
[6.343s] -- Set runtime path of "/home/tao/ros2_ws/src/realsense-ros/install/realsense2_camera_msgs/lib/librealsense2_camera_msgs__rosidl_typesupport_fastrtps_c.so" to ""
[6.343s] -- Installing: /home/tao/ros2_ws/src/realsense-ros/install/realsense2_camera_msgs/lib/librealsense2_camera_msgs__rosidl_typesupport_introspection_c.so
[6.343s] -- Set runtime path of "/home/tao/ros2_ws/src/realsense-ros/install/realsense2_camera_msgs/lib/librealsense2_camera_msgs__rosidl_typesupport_introspection_c.so" to ""
[6.343s] -- Installing: /home/tao/ros2_ws/src/realsense-ros/install/realsense2_camera_msgs/lib/librealsense2_camera_msgs__rosidl_typesupport_c.so
[6.344s] -- Set runtime path of "/home/tao/ros2_ws/src/realsense-ros/install/realsense2_camera_msgs/lib/librealsense2_camera_msgs__rosidl_typesupport_c.so" to ""
[6.344s] -- Installing: /home/tao/ros2_ws/src/realsense-ros/install/realsense2_camera_msgs/lib/librealsense2_camera_msgs__rosidl_typesupport_fastrtps_cpp.so
[6.344s] -- Set runtime path of "/home/tao/ros2_ws/src/realsense-ros/install/realsense2_camera_msgs/lib/librealsense2_camera_msgs__rosidl_typesupport_fastrtps_cpp.so" to ""
[6.344s] -- Installing: /home/tao/ros2_ws/src/realsense-ros/install/realsense2_camera_msgs/lib/librealsense2_camera_msgs__rosidl_typesupport_introspection_cpp.so
[6.344s] -- Set runtime path of "/home/tao/ros2_ws/src/realsense-ros/install/realsense2_camera_msgs/lib/librealsense2_camera_msgs__rosidl_typesupport_introspection_cpp.so" to ""
[6.344s] -- Installing: /home/tao/ros2_ws/src/realsense-ros/install/realsense2_camera_msgs/lib/librealsense2_camera_msgs__rosidl_typesupport_cpp.so
[6.345s] -- Set runtime path of "/home/tao/ros2_ws/src/realsense-ros/install/realsense2_camera_msgs/lib/librealsense2_camera_msgs__rosidl_typesupport_cpp.so" to ""
[6.375s] Listing '/home/tao/ros2_ws/src/realsense-ros/install/realsense2_camera_msgs/local/lib/python3.10/dist-packages/realsense2_camera_msgs'...
[6.375s] Compiling '/home/tao/ros2_ws/src/realsense-ros/install/realsense2_camera_msgs/local/lib/python3.10/dist-packages/realsense2_camera_msgs/__init__.py'...
[6.376s] Listing '/home/tao/ros2_ws/src/realsense-ros/install/realsense2_camera_msgs/local/lib/python3.10/dist-packages/realsense2_camera_msgs/msg'...
[6.376s] Compiling '/home/tao/ros2_ws/src/realsense-ros/install/realsense2_camera_msgs/local/lib/python3.10/dist-packages/realsense2_camera_msgs/msg/__init__.py'...
[6.376s] Compiling '/home/tao/ros2_ws/src/realsense-ros/install/realsense2_camera_msgs/local/lib/python3.10/dist-packages/realsense2_camera_msgs/msg/_extrinsics.py'...
[6.376s] Compiling '/home/tao/ros2_ws/src/realsense-ros/install/realsense2_camera_msgs/local/lib/python3.10/dist-packages/realsense2_camera_msgs/msg/_imu_info.py'...
[6.376s] Compiling '/home/tao/ros2_ws/src/realsense-ros/install/realsense2_camera_msgs/local/lib/python3.10/dist-packages/realsense2_camera_msgs/msg/_metadata.py'...
[6.376s] Compiling '/home/tao/ros2_ws/src/realsense-ros/install/realsense2_camera_msgs/local/lib/python3.10/dist-packages/realsense2_camera_msgs/msg/_rgbd.py'...
[6.376s] Listing '/home/tao/ros2_ws/src/realsense-ros/install/realsense2_camera_msgs/local/lib/python3.10/dist-packages/realsense2_camera_msgs/srv'...
[6.376s] Compiling '/home/tao/ros2_ws/src/realsense-ros/install/realsense2_camera_msgs/local/lib/python3.10/dist-packages/realsense2_camera_msgs/srv/__init__.py'...
[6.376s] Compiling '/home/tao/ros2_ws/src/realsense-ros/install/realsense2_camera_msgs/local/lib/python3.10/dist-packages/realsense2_camera_msgs/srv/_device_info.py'...
[6.378s] -- Installing: /home/tao/ros2_ws/src/realsense-ros/install/realsense2_camera_msgs/lib/librealsense2_camera_msgs__rosidl_generator_py.so
[6.379s] -- Set runtime path of "/home/tao/ros2_ws/src/realsense-ros/install/realsense2_camera_msgs/lib/librealsense2_camera_msgs__rosidl_generator_py.so" to ""
[6.379s] -- Installing: /home/tao/ros2_ws/src/realsense-ros/install/realsense2_camera_msgs/share/realsense2_camera_msgs/cmake/export_realsense2_camera_msgs__rosidl_generator_cExport.cmake
[6.379s] -- Installing: /home/tao/ros2_ws/src/realsense-ros/install/realsense2_camera_msgs/share/realsense2_camera_msgs/cmake/export_realsense2_camera_msgs__rosidl_generator_cExport-noconfig.cmake
[6.379s] -- Installing: /home/tao/ros2_ws/src/realsense-ros/install/realsense2_camera_msgs/share/realsense2_camera_msgs/cmake/export_realsense2_camera_msgs__rosidl_typesupport_fastrtps_cExport.cmake
[6.380s] -- Installing: /home/tao/ros2_ws/src/realsense-ros/install/realsense2_camera_msgs/share/realsense2_camera_msgs/cmake/export_realsense2_camera_msgs__rosidl_typesupport_fastrtps_cExport-noconfig.cmake
[6.380s] -- Installing: /home/tao/ros2_ws/src/realsense-ros/install/realsense2_camera_msgs/share/realsense2_camera_msgs/cmake/realsense2_camera_msgs__rosidl_typesupport_introspection_cExport.cmake
[6.380s] -- Installing: /home/tao/ros2_ws/src/realsense-ros/install/realsense2_camera_msgs/share/realsense2_camera_msgs/cmake/realsense2_camera_msgs__rosidl_typesupport_introspection_cExport-noconfig.cmake
[6.380s] -- Installing: /home/tao/ros2_ws/src/realsense-ros/install/realsense2_camera_msgs/share/realsense2_camera_msgs/cmake/realsense2_camera_msgs__rosidl_typesupport_cExport.cmake
[6.380s] -- Installing: /home/tao/ros2_ws/src/realsense-ros/install/realsense2_camera_msgs/share/realsense2_camera_msgs/cmake/realsense2_camera_msgs__rosidl_typesupport_cExport-noconfig.cmake
[6.380s] -- Installing: /home/tao/ros2_ws/src/realsense-ros/install/realsense2_camera_msgs/share/realsense2_camera_msgs/cmake/export_realsense2_camera_msgs__rosidl_generator_cppExport.cmake
[6.380s] -- Installing: /home/tao/ros2_ws/src/realsense-ros/install/realsense2_camera_msgs/share/realsense2_camera_msgs/cmake/export_realsense2_camera_msgs__rosidl_typesupport_fastrtps_cppExport.cmake
[6.381s] -- Installing: /home/tao/ros2_ws/src/realsense-ros/install/realsense2_camera_msgs/share/realsense2_camera_msgs/cmake/export_realsense2_camera_msgs__rosidl_typesupport_fastrtps_cppExport-noconfig.cmake
[6.381s] -- Installing: /home/tao/ros2_ws/src/realsense-ros/install/realsense2_camera_msgs/share/realsense2_camera_msgs/cmake/realsense2_camera_msgs__rosidl_typesupport_introspection_cppExport.cmake
[6.381s] -- Installing: /home/tao/ros2_ws/src/realsense-ros/install/realsense2_camera_msgs/share/realsense2_camera_msgs/cmake/realsense2_camera_msgs__rosidl_typesupport_introspection_cppExport-noconfig.cmake
[6.381s] -- Installing: /home/tao/ros2_ws/src/realsense-ros/install/realsense2_camera_msgs/share/realsense2_camera_msgs/cmake/realsense2_camera_msgs__rosidl_typesupport_cppExport.cmake
[6.381s] -- Installing: /home/tao/ros2_ws/src/realsense-ros/install/realsense2_camera_msgs/share/realsense2_camera_msgs/cmake/realsense2_camera_msgs__rosidl_typesupport_cppExport-noconfig.cmake
[6.381s] -- Installing: /home/tao/ros2_ws/src/realsense-ros/install/realsense2_camera_msgs/share/realsense2_camera_msgs/cmake/export_realsense2_camera_msgs__rosidl_generator_pyExport.cmake
[6.381s] -- Installing: /home/tao/ros2_ws/src/realsense-ros/install/realsense2_camera_msgs/share/realsense2_camera_msgs/cmake/export_realsense2_camera_msgs__rosidl_generator_pyExport-noconfig.cmake
[6.384s] Invoked command in '/home/tao/ros2_ws/src/realsense-ros/build/realsense2_camera_msgs' returned '0': CMAKE_PREFIX_PATH=${CMAKE_PREFIX_PATH}:/home/tao/ros2_ws/install/rtabmap_python:/opt/ros/humble /usr/bin/cmake --install /home/tao/ros2_ws/src/realsense-ros/build/realsense2_camera_msgs
