[0.009s] Invoking command in '/home/tao/ros2_ws/src/realsense-ros/build/realsense2_camera': AMENT_PREFIX_PATH=/home/tao/ros2_ws/src/realsense-ros/install/realsense2_camera_msgs:${AMENT_PREFIX_PATH} CMAKE_PREFIX_PATH=/home/tao/ros2_ws/src/realsense-ros/install/realsense2_camera_msgs:/home/tao/ros2_ws/install/realsense2_camera_msgs:/home/tao/ros2_ws/install/rtabmap_ros:/home/tao/ros2_ws/install/rtabmap_launch:/home/tao/ros2_ws/install/rtabmap_examples:/home/tao/ros2_ws/install/rtabmap_demos:/home/tao/ros2_ws/install/rtabmap_viz:/home/tao/ros2_ws/install/rtabmap_slam:/home/tao/ros2_ws/install/rtabmap_odom:/home/tao/ros2_ws/install/rtabmap_util:/home/tao/ros2_ws/install/rtabmap_sync:/home/tao/ros2_ws/install/rtabmap_rviz_plugins:/home/tao/ros2_ws/install/rtabmap_conversions:/home/tao/ros2_ws/install/rtabmap_msgs:/home/tao/ros2_ws/install/rtabmap:/home/tao/ros2_ws/install/rtabmap_python:/opt/ros/humble LD_LIBRARY_PATH=/home/tao/ros2_ws/src/realsense-ros/install/realsense2_camera_msgs/lib:${LD_LIBRARY_PATH} PYTHONPATH=/home/tao/ros2_ws/src/realsense-ros/install/realsense2_camera_msgs/local/lib/python3.10/dist-packages:${PYTHONPATH} /usr/bin/cmake /home/tao/ros2_ws/src/realsense-ros/realsense2_camera -DAMENT_CMAKE_SYMLINK_INSTALL=1 -DCMAKE_INSTALL_PREFIX=/home/tao/ros2_ws/src/realsense-ros/install/realsense2_camera
[0.056s] -- The C compiler identification is GNU 11.4.0
[0.099s] -- The CXX compiler identification is GNU 11.4.0
[0.105s] -- Detecting C compiler ABI info
[0.165s] -- Detecting C compiler ABI info - done
[0.170s] -- Check for working C compiler: /usr/bin/cc - skipped
[0.170s] -- Detecting C compile features
[0.171s] -- Detecting C compile features - done
[0.173s] -- Detecting CXX compiler ABI info
[0.241s] -- Detecting CXX compiler ABI info - done
[0.246s] -- Check for working CXX compiler: /usr/bin/c++ - skipped
[0.246s] -- Detecting CXX compile features
[0.247s] -- Detecting CXX compile features - done
[0.247s] -- Create Release Build.
[0.250s] -- Found ament_cmake: 1.3.11 (/opt/ros/humble/share/ament_cmake/cmake)
[0.370s] -- Found Python3: /usr/bin/python3 (found version "3.10.12") found components: Interpreter 
[0.416s] -- Override CMake install command with custom implementation using symlinks instead of copying resources
[0.458s] -- Found builtin_interfaces: 1.2.1 (/opt/ros/humble/share/builtin_interfaces/cmake)
[0.494s] -- Found rosidl_generator_c: 3.1.6 (/opt/ros/humble/share/rosidl_generator_c/cmake)
[0.501s] -- Found rosidl_adapter: 3.1.6 (/opt/ros/humble/share/rosidl_adapter/cmake)
[0.510s] -- Found rosidl_generator_cpp: 3.1.6 (/opt/ros/humble/share/rosidl_generator_cpp/cmake)
[0.523s] -- Using all available rosidl_typesupport_c: rosidl_typesupport_fastrtps_c;rosidl_typesupport_introspection_c
[0.539s] -- Using all available rosidl_typesupport_cpp: rosidl_typesupport_fastrtps_cpp;rosidl_typesupport_introspection_cpp
[0.554s] -- Found cv_bridge: 3.2.1 (/opt/ros/humble/share/cv_bridge/cmake)
[0.603s] -- Found image_transport: 3.1.12 (/opt/ros/humble/share/image_transport/cmake)
[0.654s] -- Found rmw_implementation_cmake: 6.1.2 (/opt/ros/humble/share/rmw_implementation_cmake/cmake)
[0.657s] -- Found rmw_fastrtps_cpp: 6.2.7 (/opt/ros/humble/share/rmw_fastrtps_cpp/cmake)
[0.751s] -- Found OpenSSL: /usr/lib/x86_64-linux-gnu/libcrypto.so (found version "3.0.2")  
[0.775s] -- Found FastRTPS: /opt/ros/humble/include  
[0.814s] -- Using RMW implementation 'rmw_fastrtps_cpp' as default
[0.826s] -- Looking for pthread.h
[0.891s] -- Looking for pthread.h - found
[0.891s] -- Performing Test CMAKE_HAVE_LIBC_PTHREAD
[0.954s] -- Performing Test CMAKE_HAVE_LIBC_PTHREAD - Success
[0.955s] -- Found Threads: TRUE  
[1.020s] -- Found rclcpp_components: 16.0.12 (/opt/ros/humble/share/rclcpp_components/cmake)
[1.034s] -- Found realsense2_camera_msgs: 4.55.1 (/home/tao/ros2_ws/src/realsense-ros/install/realsense2_camera_msgs/share/realsense2_camera_msgs/cmake)
[1.049s] -- Found nav_msgs: 4.9.0 (/opt/ros/humble/share/nav_msgs/cmake)
[1.063s] -- Found tf2_ros: 0.25.13 (/opt/ros/humble/share/tf2_ros/cmake)
[1.121s] -- Found diagnostic_updater: 4.0.6 (/opt/ros/humble/share/diagnostic_updater/cmake)
[1.138s] -- Found OpenCV: /usr (found version "4.5.4") found components: core 
[1.141s] -- Build for ROS2 Humble
[1.149s] -- Found ament_cmake_gtest: 1.3.11 (/opt/ros/humble/share/ament_cmake_gtest/cmake)
[1.153s] -- Found gtest sources under '/opt/ros/humble/src/gtest_vendor': C++ tests using 'Google Test' will be built
[1.158s] -- Found ament_cmake_pytest: 1.3.11 (/opt/ros/humble/share/ament_cmake_pytest/cmake)
[3.366s] -- rs_device_info:
[3.366s] -- No device detected. Is it plugged in?
[3.366s] 
[3.424s] -- Configuring done
[3.447s] -- Generating done
[3.453s] -- Build files have been written to: /home/tao/ros2_ws/src/realsense-ros/build/realsense2_camera
[3.465s] Invoked command in '/home/tao/ros2_ws/src/realsense-ros/build/realsense2_camera' returned '0': AMENT_PREFIX_PATH=/home/tao/ros2_ws/src/realsense-ros/install/realsense2_camera_msgs:${AMENT_PREFIX_PATH} CMAKE_PREFIX_PATH=/home/tao/ros2_ws/src/realsense-ros/install/realsense2_camera_msgs:/home/tao/ros2_ws/install/realsense2_camera_msgs:/home/tao/ros2_ws/install/rtabmap_ros:/home/tao/ros2_ws/install/rtabmap_launch:/home/tao/ros2_ws/install/rtabmap_examples:/home/tao/ros2_ws/install/rtabmap_demos:/home/tao/ros2_ws/install/rtabmap_viz:/home/tao/ros2_ws/install/rtabmap_slam:/home/tao/ros2_ws/install/rtabmap_odom:/home/tao/ros2_ws/install/rtabmap_util:/home/tao/ros2_ws/install/rtabmap_sync:/home/tao/ros2_ws/install/rtabmap_rviz_plugins:/home/tao/ros2_ws/install/rtabmap_conversions:/home/tao/ros2_ws/install/rtabmap_msgs:/home/tao/ros2_ws/install/rtabmap:/home/tao/ros2_ws/install/rtabmap_python:/opt/ros/humble LD_LIBRARY_PATH=/home/tao/ros2_ws/src/realsense-ros/install/realsense2_camera_msgs/lib:${LD_LIBRARY_PATH} PYTHONPATH=/home/tao/ros2_ws/src/realsense-ros/install/realsense2_camera_msgs/local/lib/python3.10/dist-packages:${PYTHONPATH} /usr/bin/cmake /home/tao/ros2_ws/src/realsense-ros/realsense2_camera -DAMENT_CMAKE_SYMLINK_INSTALL=1 -DCMAKE_INSTALL_PREFIX=/home/tao/ros2_ws/src/realsense-ros/install/realsense2_camera
[3.466s] Invoking command in '/home/tao/ros2_ws/src/realsense-ros/build/realsense2_camera': AMENT_PREFIX_PATH=/home/tao/ros2_ws/src/realsense-ros/install/realsense2_camera_msgs:${AMENT_PREFIX_PATH} CMAKE_PREFIX_PATH=/home/tao/ros2_ws/src/realsense-ros/install/realsense2_camera_msgs:/home/tao/ros2_ws/install/realsense2_camera_msgs:/home/tao/ros2_ws/install/rtabmap_ros:/home/tao/ros2_ws/install/rtabmap_launch:/home/tao/ros2_ws/install/rtabmap_examples:/home/tao/ros2_ws/install/rtabmap_demos:/home/tao/ros2_ws/install/rtabmap_viz:/home/tao/ros2_ws/install/rtabmap_slam:/home/tao/ros2_ws/install/rtabmap_odom:/home/tao/ros2_ws/install/rtabmap_util:/home/tao/ros2_ws/install/rtabmap_sync:/home/tao/ros2_ws/install/rtabmap_rviz_plugins:/home/tao/ros2_ws/install/rtabmap_conversions:/home/tao/ros2_ws/install/rtabmap_msgs:/home/tao/ros2_ws/install/rtabmap:/home/tao/ros2_ws/install/rtabmap_python:/opt/ros/humble LD_LIBRARY_PATH=/home/tao/ros2_ws/src/realsense-ros/install/realsense2_camera_msgs/lib:${LD_LIBRARY_PATH} PYTHONPATH=/home/tao/ros2_ws/src/realsense-ros/install/realsense2_camera_msgs/local/lib/python3.10/dist-packages:${PYTHONPATH} /usr/bin/cmake --build /home/tao/ros2_ws/src/realsense-ros/build/realsense2_camera
[3.515s] [ 18%] [32mBuilding CXX object gtest/CMakeFiles/gtest.dir/src/gtest-all.cc.o[0m
[3.515s] [ 18%] [32mBuilding CXX object CMakeFiles/realsense2_camera_node.dir/rclcpp_components/node_main_realsense2_camera_node.cpp.o[0m
[3.515s] [ 18%] [32mBuilding CXX object gtest/CMakeFiles/gtest_main.dir/src/gtest_main.cc.o[0m
[3.515s] [ 18%] [32mBuilding CXX object CMakeFiles/realsense2_camera.dir/src/realsense_node_factory.cpp.o[0m
[3.995s] [ 22%] [32m[1mLinking CXX static library libgtest_main.a[0m
[4.029s] [ 22%] Built target gtest_main
[4.039s] [ 27%] [32mBuilding CXX object CMakeFiles/realsense2_camera.dir/src/base_realsense_node.cpp.o[0m
[6.310s] [ 31%] [32m[1mLinking CXX executable realsense2_camera_node[0m
[6.412s] [ 31%] Built target realsense2_camera_node
[6.422s] [ 36%] [32mBuilding CXX object CMakeFiles/realsense2_camera.dir/src/parameters.cpp.o[0m
[8.852s] [ 40%] [32m[1mLinking CXX static library libgtest.a[0m
[8.893s] [ 40%] Built target gtest
[8.902s] [ 45%] [32mBuilding CXX object CMakeFiles/realsense2_camera.dir/src/rs_node_setup.cpp.o[0m
[11.556s] [ 50%] [32mBuilding CXX object CMakeFiles/realsense2_camera.dir/src/ros_sensor.cpp.o[0m
[11.954s] [ 54%] [32mBuilding CXX object CMakeFiles/realsense2_camera.dir/src/ros_utils.cpp.o[0m
[14.759s] [ 59%] [32mBuilding CXX object CMakeFiles/realsense2_camera.dir/src/dynamic_params.cpp.o[0m
[15.086s] [ 63%] [32mBuilding CXX object CMakeFiles/realsense2_camera.dir/src/sensor_params.cpp.o[0m
[17.229s] [ 68%] [32mBuilding CXX object CMakeFiles/realsense2_camera.dir/src/named_filter.cpp.o[0m
[18.511s] [ 72%] [32mBuilding CXX object CMakeFiles/realsense2_camera.dir/src/profile_manager.cpp.o[0m
[18.952s] [ 77%] [32mBuilding CXX object CMakeFiles/realsense2_camera.dir/src/image_publisher.cpp.o[0m
[19.034s] [ 81%] [32mBuilding CXX object CMakeFiles/realsense2_camera.dir/src/tfs.cpp.o[0m
[22.956s] [ 86%] [32mBuilding CXX object CMakeFiles/realsense2_camera.dir/src/ros_param_backend.cpp.o[0m
[23.036s] [ 90%] [32mBuilding CXX object CMakeFiles/gtest_template.dir/test/gtest_template.cpp.o[0m
[23.663s] [ 95%] [32m[1mLinking CXX executable gtest_template[0m
[23.747s] [ 95%] Built target gtest_template
[25.833s] [100%] [32m[1mLinking CXX shared library librealsense2_camera.so[0m
[26.120s] [100%] Built target realsense2_camera
[26.131s] Invoked command in '/home/tao/ros2_ws/src/realsense-ros/build/realsense2_camera' returned '0': AMENT_PREFIX_PATH=/home/tao/ros2_ws/src/realsense-ros/install/realsense2_camera_msgs:${AMENT_PREFIX_PATH} CMAKE_PREFIX_PATH=/home/tao/ros2_ws/src/realsense-ros/install/realsense2_camera_msgs:/home/tao/ros2_ws/install/realsense2_camera_msgs:/home/tao/ros2_ws/install/rtabmap_ros:/home/tao/ros2_ws/install/rtabmap_launch:/home/tao/ros2_ws/install/rtabmap_examples:/home/tao/ros2_ws/install/rtabmap_demos:/home/tao/ros2_ws/install/rtabmap_viz:/home/tao/ros2_ws/install/rtabmap_slam:/home/tao/ros2_ws/install/rtabmap_odom:/home/tao/ros2_ws/install/rtabmap_util:/home/tao/ros2_ws/install/rtabmap_sync:/home/tao/ros2_ws/install/rtabmap_rviz_plugins:/home/tao/ros2_ws/install/rtabmap_conversions:/home/tao/ros2_ws/install/rtabmap_msgs:/home/tao/ros2_ws/install/rtabmap:/home/tao/ros2_ws/install/rtabmap_python:/opt/ros/humble LD_LIBRARY_PATH=/home/tao/ros2_ws/src/realsense-ros/install/realsense2_camera_msgs/lib:${LD_LIBRARY_PATH} PYTHONPATH=/home/tao/ros2_ws/src/realsense-ros/install/realsense2_camera_msgs/local/lib/python3.10/dist-packages:${PYTHONPATH} /usr/bin/cmake --build /home/tao/ros2_ws/src/realsense-ros/build/realsense2_camera
[26.132s] Invoking command in '/home/tao/ros2_ws/src/realsense-ros/build/realsense2_camera': AMENT_PREFIX_PATH=/home/tao/ros2_ws/src/realsense-ros/install/realsense2_camera_msgs:${AMENT_PREFIX_PATH} CMAKE_PREFIX_PATH=/home/tao/ros2_ws/src/realsense-ros/install/realsense2_camera_msgs:/home/tao/ros2_ws/install/realsense2_camera_msgs:/home/tao/ros2_ws/install/rtabmap_ros:/home/tao/ros2_ws/install/rtabmap_launch:/home/tao/ros2_ws/install/rtabmap_examples:/home/tao/ros2_ws/install/rtabmap_demos:/home/tao/ros2_ws/install/rtabmap_viz:/home/tao/ros2_ws/install/rtabmap_slam:/home/tao/ros2_ws/install/rtabmap_odom:/home/tao/ros2_ws/install/rtabmap_util:/home/tao/ros2_ws/install/rtabmap_sync:/home/tao/ros2_ws/install/rtabmap_rviz_plugins:/home/tao/ros2_ws/install/rtabmap_conversions:/home/tao/ros2_ws/install/rtabmap_msgs:/home/tao/ros2_ws/install/rtabmap:/home/tao/ros2_ws/install/rtabmap_python:/opt/ros/humble LD_LIBRARY_PATH=/home/tao/ros2_ws/src/realsense-ros/install/realsense2_camera_msgs/lib:${LD_LIBRARY_PATH} PYTHONPATH=/home/tao/ros2_ws/src/realsense-ros/install/realsense2_camera_msgs/local/lib/python3.10/dist-packages:${PYTHONPATH} /usr/bin/cmake --install /home/tao/ros2_ws/src/realsense-ros/build/realsense2_camera
[26.138s] -- Install configuration: "Release"
[26.139s] -- Execute custom install script
[26.139s] -- Symlinking: /home/tao/ros2_ws/src/realsense-ros/install/realsense2_camera/lib/realsense2_camera/realsense2_camera_node
[26.147s] -- Symlinking: /home/tao/ros2_ws/src/realsense-ros/install/realsense2_camera/lib/librealsense2_camera.so
[26.155s] -- Symlinking: /home/tao/ros2_ws/src/realsense-ros/install/realsense2_camera/include/base_realsense_node.h
[26.163s] -- Symlinking: /home/tao/ros2_ws/src/realsense-ros/install/realsense2_camera/include/constants.h
[26.171s] -- Symlinking: /home/tao/ros2_ws/src/realsense-ros/install/realsense2_camera/include/dynamic_params.h
[26.179s] -- Symlinking: /home/tao/ros2_ws/src/realsense-ros/install/realsense2_camera/include/gl_window.h
[26.186s] -- Symlinking: /home/tao/ros2_ws/src/realsense-ros/install/realsense2_camera/include/image_publisher.h
[26.194s] -- Symlinking: /home/tao/ros2_ws/src/realsense-ros/install/realsense2_camera/include/named_filter.h
[26.201s] -- Symlinking: /home/tao/ros2_ws/src/realsense-ros/install/realsense2_camera/include/profile_manager.h
[26.209s] -- Symlinking: /home/tao/ros2_ws/src/realsense-ros/install/realsense2_camera/include/realsense_node_factory.h
[26.217s] -- Symlinking: /home/tao/ros2_ws/src/realsense-ros/install/realsense2_camera/include/ros_param_backend.h
[26.224s] -- Symlinking: /home/tao/ros2_ws/src/realsense-ros/install/realsense2_camera/include/ros_sensor.h
[26.232s] -- Symlinking: /home/tao/ros2_ws/src/realsense-ros/install/realsense2_camera/include/ros_utils.h
[26.240s] -- Symlinking: /home/tao/ros2_ws/src/realsense-ros/install/realsense2_camera/include/sensor_params.h
[26.247s] -- Symlinking: /home/tao/ros2_ws/src/realsense-ros/install/realsense2_camera/share/realsense2_camera/launch/default.rviz
[26.255s] -- Symlinking: /home/tao/ros2_ws/src/realsense-ros/install/realsense2_camera/share/realsense2_camera/launch/rs_intra_process_demo_launch.py
[26.262s] -- Symlinking: /home/tao/ros2_ws/src/realsense-ros/install/realsense2_camera/share/realsense2_camera/launch/rs_launch.py
[26.270s] -- Symlinking: /home/tao/ros2_ws/src/realsense-ros/install/realsense2_camera/share/realsense2_camera/launch/rs_multi_camera_launch.py
[26.278s] -- Symlinking: /home/tao/ros2_ws/src/realsense-ros/install/realsense2_camera/share/realsense2_camera/examples/align_depth/README.md
[26.285s] -- Symlinking: /home/tao/ros2_ws/src/realsense-ros/install/realsense2_camera/share/realsense2_camera/examples/align_depth/rs_align_depth_launch.py
[26.293s] -- Symlinking: /home/tao/ros2_ws/src/realsense-ros/install/realsense2_camera/share/realsense2_camera/examples/dual_camera/README.md
[26.300s] -- Symlinking: /home/tao/ros2_ws/src/realsense-ros/install/realsense2_camera/share/realsense2_camera/examples/dual_camera/rs_dual_camera_launch.py
[26.308s] -- Symlinking: /home/tao/ros2_ws/src/realsense-ros/install/realsense2_camera/share/realsense2_camera/examples/dual_camera/rviz/dual_camera_pointcloud.rviz
[26.316s] -- Symlinking: /home/tao/ros2_ws/src/realsense-ros/install/realsense2_camera/share/realsense2_camera/examples/launch_from_rosbag/README.md
[26.323s] -- Symlinking: /home/tao/ros2_ws/src/realsense-ros/install/realsense2_camera/share/realsense2_camera/examples/launch_from_rosbag/rs_launch_from_rosbag.py
[26.331s] -- Symlinking: /home/tao/ros2_ws/src/realsense-ros/install/realsense2_camera/share/realsense2_camera/examples/launch_params_from_file/README.md
[26.339s] -- Symlinking: /home/tao/ros2_ws/src/realsense-ros/install/realsense2_camera/share/realsense2_camera/examples/launch_params_from_file/config/config.yaml
[26.347s] -- Symlinking: /home/tao/ros2_ws/src/realsense-ros/install/realsense2_camera/share/realsense2_camera/examples/launch_params_from_file/rs_launch_get_params_from_yaml.py
[26.355s] -- Symlinking: /home/tao/ros2_ws/src/realsense-ros/install/realsense2_camera/share/realsense2_camera/examples/pointcloud/README.md
[26.362s] -- Symlinking: /home/tao/ros2_ws/src/realsense-ros/install/realsense2_camera/share/realsense2_camera/examples/pointcloud/rs_d405_pointcloud_launch.py
[26.370s] -- Symlinking: /home/tao/ros2_ws/src/realsense-ros/install/realsense2_camera/share/realsense2_camera/examples/pointcloud/rs_d455_pointcloud_launch.py
[26.377s] -- Symlinking: /home/tao/ros2_ws/src/realsense-ros/install/realsense2_camera/share/realsense2_camera/examples/pointcloud/rs_pointcloud_launch.py
[26.385s] -- Symlinking: /home/tao/ros2_ws/src/realsense-ros/install/realsense2_camera/share/realsense2_camera/examples/pointcloud/rviz/pointcloud.rviz
[26.392s] -- Symlinking: /home/tao/ros2_ws/src/realsense-ros/install/realsense2_camera/share/realsense2_camera/examples/pointcloud/rviz/urdf_pointcloud.rviz
[26.400s] -- Symlinking: /home/tao/ros2_ws/src/realsense-ros/install/realsense2_camera/share/realsense2_camera/environment/library_path.sh
[26.408s] -- Symlinking: /home/tao/ros2_ws/src/realsense-ros/install/realsense2_camera/share/realsense2_camera/environment/library_path.dsv
[26.416s] -- Symlinking: /home/tao/ros2_ws/src/realsense-ros/install/realsense2_camera/share/ament_index/resource_index/package_run_dependencies/realsense2_camera
[26.423s] -- Symlinking: /home/tao/ros2_ws/src/realsense-ros/install/realsense2_camera/share/ament_index/resource_index/parent_prefix_path/realsense2_camera
[26.431s] -- Symlinking: /home/tao/ros2_ws/src/realsense-ros/install/realsense2_camera/share/realsense2_camera/environment/ament_prefix_path.sh
[26.439s] -- Symlinking: /home/tao/ros2_ws/src/realsense-ros/install/realsense2_camera/share/realsense2_camera/environment/ament_prefix_path.dsv
[26.447s] -- Symlinking: /home/tao/ros2_ws/src/realsense-ros/install/realsense2_camera/share/realsense2_camera/environment/path.sh
[26.455s] -- Symlinking: /home/tao/ros2_ws/src/realsense-ros/install/realsense2_camera/share/realsense2_camera/environment/path.dsv
[26.462s] -- Symlinking: /home/tao/ros2_ws/src/realsense-ros/install/realsense2_camera/share/realsense2_camera/local_setup.bash
[26.470s] -- Symlinking: /home/tao/ros2_ws/src/realsense-ros/install/realsense2_camera/share/realsense2_camera/local_setup.sh
[26.478s] -- Symlinking: /home/tao/ros2_ws/src/realsense-ros/install/realsense2_camera/share/realsense2_camera/local_setup.zsh
[26.485s] -- Symlinking: /home/tao/ros2_ws/src/realsense-ros/install/realsense2_camera/share/realsense2_camera/local_setup.dsv
[26.493s] -- Symlinking: /home/tao/ros2_ws/src/realsense-ros/install/realsense2_camera/share/realsense2_camera/package.dsv
[26.501s] -- Symlinking: /home/tao/ros2_ws/src/realsense-ros/install/realsense2_camera/share/ament_index/resource_index/packages/realsense2_camera
[26.509s] -- Symlinking: /home/tao/ros2_ws/src/realsense-ros/install/realsense2_camera/share/ament_index/resource_index/rclcpp_components/realsense2_camera
[26.517s] -- Symlinking: /home/tao/ros2_ws/src/realsense-ros/install/realsense2_camera/share/realsense2_camera/cmake/ament_cmake_export_include_directories-extras.cmake
[26.524s] -- Symlinking: /home/tao/ros2_ws/src/realsense-ros/install/realsense2_camera/share/realsense2_camera/cmake/ament_cmake_export_libraries-extras.cmake
[26.532s] -- Symlinking: /home/tao/ros2_ws/src/realsense-ros/install/realsense2_camera/share/realsense2_camera/cmake/ament_cmake_export_dependencies-extras.cmake
[26.541s] -- Symlinking: /home/tao/ros2_ws/src/realsense-ros/install/realsense2_camera/share/realsense2_camera/cmake/realsense2_cameraConfig.cmake
[26.549s] -- Symlinking: /home/tao/ros2_ws/src/realsense-ros/install/realsense2_camera/share/realsense2_camera/cmake/realsense2_cameraConfig-version.cmake
[26.557s] -- Symlinking: /home/tao/ros2_ws/src/realsense-ros/install/realsense2_camera/share/realsense2_camera/package.xml
[26.567s] Invoked command in '/home/tao/ros2_ws/src/realsense-ros/build/realsense2_camera' returned '0': AMENT_PREFIX_PATH=/home/tao/ros2_ws/src/realsense-ros/install/realsense2_camera_msgs:${AMENT_PREFIX_PATH} CMAKE_PREFIX_PATH=/home/tao/ros2_ws/src/realsense-ros/install/realsense2_camera_msgs:/home/tao/ros2_ws/install/realsense2_camera_msgs:/home/tao/ros2_ws/install/rtabmap_ros:/home/tao/ros2_ws/install/rtabmap_launch:/home/tao/ros2_ws/install/rtabmap_examples:/home/tao/ros2_ws/install/rtabmap_demos:/home/tao/ros2_ws/install/rtabmap_viz:/home/tao/ros2_ws/install/rtabmap_slam:/home/tao/ros2_ws/install/rtabmap_odom:/home/tao/ros2_ws/install/rtabmap_util:/home/tao/ros2_ws/install/rtabmap_sync:/home/tao/ros2_ws/install/rtabmap_rviz_plugins:/home/tao/ros2_ws/install/rtabmap_conversions:/home/tao/ros2_ws/install/rtabmap_msgs:/home/tao/ros2_ws/install/rtabmap:/home/tao/ros2_ws/install/rtabmap_python:/opt/ros/humble LD_LIBRARY_PATH=/home/tao/ros2_ws/src/realsense-ros/install/realsense2_camera_msgs/lib:${LD_LIBRARY_PATH} PYTHONPATH=/home/tao/ros2_ws/src/realsense-ros/install/realsense2_camera_msgs/local/lib/python3.10/dist-packages:${PYTHONPATH} /usr/bin/cmake --install /home/tao/ros2_ws/src/realsense-ros/build/realsense2_camera
